<?xml version="1.0" encoding="UTF-8"?>
<!-- Generated by org.testng.reporters.JUnitXMLReporter -->
<testsuite ignored="0" hostname="MacBookPro.fritz.box" failures="0" tests="4" name="Test" time="93.722" errors="0" timestamp="2024-11-14T16:43:45 CET">
  <testcase classname="amazontest.Testcase1" name="logintoamazon" time="11.706"/>
  <testcase classname="amazontest.Testcase3" name="wishlist" time="22.949"/>
  <testcase classname="amazontest.Testcase2" name="search" time="6.617"/>
  <testcase classname="amazontest.Testcase4" name="wishlist" time="27.322"/>
</testsuite> <!-- Test -->
