<?xml version="1.0" encoding="UTF-8"?>
<testsuite xmlns:xsi="http://www.w3.org/2001/XMLSchema-instance" xsi:noNamespaceSchemaLocation="https://maven.apache.org/surefire/maven-surefire-plugin/xsd/surefire-test-report.xsd" version="3.0.2" name="TestSuite" time="93.973" tests="4" errors="0" skipped="0" failures="0">
  <properties>
[...]
</properties>
  <testcase name="logintoamazon" classname="amazontest.Testcase1" time="11.708">
    <system-err><![CDATA[SLF4J: Failed to load class "org.slf4j.impl.StaticLoggerBinder".
SLF4J: Defaulting to no-operation (NOP) logger implementation
SLF4J: See http://www.slf4j.org/codes.html#StaticLoggerBinder for further details.
]]></system-err>
  </testcase>
  <testcase name="wishlist" classname="amazontest.Testcase3" time="22.948">
    <system-out><![CDATA[[938E1F6173C8C256B64A0D94D76F72BE, 2D74807AED786C620E6D8BD0B72FA8AE]
938E1F6173C8C256B64A0D94D76F72BE
2D74807AED786C620E6D8BD0B72FA8AE

]]></system-out>
  </testcase>
  <testcase name="search" classname="amazontest.Testcase2" time="6.617"/>
  <testcase name="wishlist" classname="amazontest.Testcase4" time="27.323">
    <system-out><![CDATA[[5865162033F209F569A545B9BA8276E2, D4E98D03DDA29C11414267E5C9B90188]
5865162033F209F569A545B9BA8276E2
D4E98D03DDA29C11414267E5C9B90188

]]></system-out>
  </testcase>
</testsuite>