<?xml version="1.0" encoding="UTF-8"?>
<testng-results ignored="0" total="1" passed="1" failed="0" skipped="0">
  <reporter-output>
  </reporter-output>
  <suite started-at="2024-11-12T22:35:22 CET" name="Default suite" finished-at="2024-11-12T22:35:54 CET" duration-ms="31805">
    <groups>
    </groups>
    <test started-at="2024-11-12T22:35:22 CET" name="Default test" finished-at="2024-11-12T22:35:54 CET" duration-ms="31805">
      <class name="amazontest.Testcase4">
        <test-method is-config="true" signature="driverinitiation()[pri:0, instance:amazontest.Testcase4@27ce24aa]" started-at="2024-11-12T22:35:22 CET" name="driverinitiation" finished-at="2024-11-12T22:35:26 CET" duration-ms="3697" status="PASS">
          <reporter-output>
          </reporter-output>
        </test-method> <!-- driverinitiation -->
        <test-method signature="wishlist()[pri:0, instance:amazontest.Testcase4@27ce24aa]" started-at="2024-11-12T22:35:26 CET" name="wishlist" finished-at="2024-11-12T22:35:54 CET" duration-ms="28092" status="PASS">
          <reporter-output>
          </reporter-output>
        </test-method> <!-- wishlist -->
      </class> <!-- amazontest.Testcase4 -->
    </test> <!-- Default test -->
  </suite> <!-- Default suite -->
</testng-results>
